<?xml version="1.0" encoding="UTF-8"?>
<!-- Generated by org.testng.reporters.JUnitReportReporter -->
<testsuite hostname="MS_Sravya" failures="0" tests="1" name="Practice.TestNgPracticeTest" time="0.010" errors="0" timestamp="2023-06-16T07:49:05 IST" skipped="0">
  <testcase classname="Practice.TestNgPracticeTest" name="NameTest" time="0.010">
    <system-out>
      <![CDATA[Sravya]]>
    </system-out>
  </testcase> <!-- NameTest -->
  <system-out>
    <![CDATA[Sravya]]>
  </system-out>
</testsuite> <!-- Practice.TestNgPracticeTest -->
