<?xml version="1.0" encoding="UTF-8"?>
<!-- Generated by org.testng.reporters.JUnitReportReporter -->
<testsuite hostname="MS_Sravya" failures="0" tests="1" name="Practice.AnnotationsTest" time="0.008" errors="0" timestamp="2023-06-16T07:49:18 IST" skipped="0">
  <testcase classname="Practice.AnnotationsTest" name="NameTest" time="0.008">
    <system-out>
      <![CDATA[Sravya]]>
    </system-out>
  </testcase> <!-- NameTest -->
  <system-out>
    <![CDATA[BeforeSuite
BeforeTest
BeforeClass
BeforeMethod
Sravya
BeforeMethod
AfterClass
AfterTest
AfterSuite]]>
  </system-out>
</testsuite> <!-- Practice.AnnotationsTest -->
